[ [36m2022-11-08 11:57:16:5716[39m ]  [31mName : STATUS_CODES is not defined | Descriptiion : Internal Server Error | Status Code : 500 | IsOperational : true[39m
[ [36m2022-11-08 11:57:16:5716[39m ]  [35mGET /signup 500 93 - 18.131 ms[39m
[35m[39m
[ [36m2022-11-08 11:57:39:5739[39m ]  [31mName : UN_AUTHORISED | Descriptiion : No token found | Status Code : 403 | IsOperational : true[39m
[ [36m2022-11-08 11:57:39:5739[39m ]  [35mGET /profile 403 72 - 8.133 ms[39m
[35m[39m
[ [36m2022-11-08 11:58:19:5819[39m ]  [35mGET / 304  - 36.591 ms[39m
[35m[39m
[ [36m2022-11-08 11:58:39:5839[39m ]  [35mGET / 304  - 27.838 ms[39m
[35m[39m
[ [36m2022-11-08 11:58:40:5840[39m ]  [35mGET / 304  - 28.417 ms[39m
[35m[39m
[ [36m2022-11-08 11:58:40:5840[39m ]  [35mGET / 304  - 31.900 ms[39m
[35m[39m
[ [36m2022-11-08 11:58:40:5840[39m ]  [35mGET / 304  - 31.476 ms[39m
[35m[39m
[ [36m2022-11-08 11:58:41:5841[39m ]  [35mGET / 304  - 27.439 ms[39m
[35m[39m
[ [36m2022-11-08 11:58:41:5841[39m ]  [35mGET / 304  - 28.961 ms[39m
[35m[39m
[ [36m2022-11-08 11:58:41:5841[39m ]  [35mGET / 304  - 29.833 ms[39m
[35m[39m
[ [36m2022-11-08 11:58:41:5841[39m ]  [35mGET /   -  ms[39m
[35m[39m
[ [36m2022-11-08 11:58:41:5841[39m ]  [35mGET / 200 518 - 107.024 ms[39m
[35m[39m
[ [36m2022-11-08 11:58:42:5842[39m ]  [35mGET / 304  - 28.337 ms[39m
[35m[39m
[ [36m2022-11-08 11:58:42:5842[39m ]  [35mGET / 304  - 30.180 ms[39m
[35m[39m
[ [36m2022-11-08 11:58:42:5842[39m ]  [35mGET / 304  - 29.413 ms[39m
[35m[39m
[ [36m2022-11-08 11:58:42:5842[39m ]  [35mGET / 304  - 37.514 ms[39m
[35m[39m
[ [36m2022-11-08 11:58:42:5842[39m ]  [35mGET /   -  ms[39m
[35m[39m
[ [36m2022-11-08 11:58:43:5843[39m ]  [35mGET / 200 518 - 32.971 ms[39m
[35m[39m
[ [36m2022-11-08 11:58:43:5843[39m ]  [35mGET / 304  - 37.087 ms[39m
[35m[39m
[ [36m2022-11-08 11:58:43:5843[39m ]  [35mGET / 304  - 35.990 ms[39m
[35m[39m
[ [36m2022-11-08 11:58:43:5843[39m ]  [35mGET / 304  - 28.172 ms[39m
[35m[39m
[ [36m2022-11-08 11:58:55:5855[39m ]  [35mGET / 304  - 26.330 ms[39m
[35m[39m
[ [36m2022-11-08 11:59:02:592[39m ]  [35mGET / 304  - 41.178 ms[39m
[35m[39m
[ [36m2022-11-08 11:59:32:5932[39m ]  [35mGET / 200 33 - 3.160 ms[39m
[35m[39m
[ [36m2022-11-08 12:01:17:117[39m ]  [35mGET / 304  - 3.340 ms[39m
[35m[39m
