[ [36m2022-11-08 17:00:37:037[39m ]  [35mGET /status 200 33 - 3.295 ms[39m
[35m[39m
[ [36m2022-11-08 17:22:47:2247[39m ]  [35mGET /status 304  - 2.590 ms[39m
[35m[39m
[ [36m2022-11-08 17:22:48:2248[39m ]  [35mGET /status 304  - 1.177 ms[39m
[35m[39m
[ [36m2022-11-08 17:22:48:2248[39m ]  [35mGET /status 304  - 1.098 ms[39m
[35m[39m
[ [36m2022-11-08 17:22:48:2248[39m ]  [35mGET /status 304  - 1.089 ms[39m
[35m[39m
[ [36m2022-11-08 17:22:48:2248[39m ]  [35mGET /status 304  - 0.957 ms[39m
[35m[39m
[ [36m2022-11-08 19:18:45:1845[39m ]  [35mGET /status 304  - 0.362 ms[39m
[35m[39m
[ [36m2022-11-08 22:59:19:5919[39m ]  [35mPOST /app-events 404 150 - 18.404 ms[39m
[35m[39m
[ [36m2022-11-09 12:09:59:959[39m ]  [35mGET /status 304  - 3.367 ms[39m
[35m[39m
[ [36m2022-11-09 12:09:59:959[39m ]  [35mGET /status 304  - 1.185 ms[39m
[35m[39m
[ [36m2022-11-09 12:09:59:959[39m ]  [35mGET /status 304  - 0.876 ms[39m
[35m[39m
[ [36m2022-11-09 12:10:00:100[39m ]  [35mGET /status 304  - 0.966 ms[39m
[35m[39m
[ [36m2022-11-09 12:10:00:100[39m ]  [35mGET /status 304  - 1.052 ms[39m
[35m[39m
[ [36m2022-11-09 13:20:16:2016[39m ]  [35mPOST /app-events 404 150 - 9.258 ms[39m
[35m[39m
[ [36m2022-11-09 13:22:37:2237[39m ]  [35mPOST /app-events 404 150 - 1.140 ms[39m
[35m[39m
[ [36m2022-11-09 13:29:57:2957[39m ]  [35mPOST /app-events 200 393 - 12.097 ms[39m
[35m[39m
[ [36m2022-11-09 14:24:45:2445[39m ]  [35mPOST /app-events 200 393 - 1.531 ms[39m
[35m[39m
[ [36m2022-11-09 14:26:37:2637[39m ]  [35mPOST /app-events 200 393 - 12.636 ms[39m
[35m[39m
[ [36m2022-11-09 14:27:42:2742[39m ]  [35mPOST /app-events 200 393 - 13.192 ms[39m
[35m[39m
[ [36m2022-11-09 14:27:58:2758[39m ]  [35mPOST /app-events 200 393 - 12.879 ms[39m
[35m[39m
[ [36m2022-11-09 14:29:41:2941[39m ]  [35mPOST /app-events 200 393 - 12.713 ms[39m
[35m[39m
[ 2022-12-05 14:19:38:1938 ]  [35mGET /status 304  - 3.045 ms[39m
[35m[39m
[ 2022-12-05 14:20:15:2015 ]  [35mGET /status 304  - 1.191 ms[39m
[35m[39m
[ 2022-12-05 14:20:15:2015 ]  [35mGET /status 304  - 1.682 ms[39m
[35m[39m
[ 2022-12-05 14:20:15:2015 ]  [35mGET /status 304  - 1.153 ms[39m
[35m[39m
